C51 COMPILER V9.00   MAIN                                                                  05/24/2017 18:09:09 PAGE 1   


C51 COMPILER V9.00, COMPILATION OF MODULE MAIN
OBJECT MODULE PLACED IN main.OBJ
COMPILER INVOKED BY: D:\keil\C51\BIN\C51.EXE main.c BROWSE DEBUG OBJECTEXTEND

line level    source

   1          /*********************************************************************
   2                           作者：神秘藏宝室
   3                           店铺：ILoveMCU.taobao.com
   4          
   5                  本例程仅适用于在本店购买模块的用户使用，鄙视其它店铺的盗用行为
   6                  版权所有，盗版必究！！！
   7                  A6模块链接：
   8                  A6 GSM/GPRS模块：       
   9                  https://item.taobao.com/item.htm?id=542988971078
  10                  A7 GSM/GPRS/GPS 三合一模块：
  11                  https://item.taobao.com/item.htm?id=542988971078
  12                  STC89C52最小系统：
  13                  https://item.taobao.com/item.htm?id=524713612727
  14                  STC12C5A60S2最小系统：
  15                  https://item.taobao.com/item.htm?id=524701473371
  16                  USB-TTL模块：
  17                  https://item.taobao.com/item.htm?id=39481188174
  18          *********************************************************************/
  19          
  20          #include "main.h"
  21          #include "uart.h"
  22          
  23          //常量
  24          #define Success 1U
  25          #define Failure 0U
  26          
  27          //定义变量
  28          unsigned long  Time_Cont = 0;       //定时器计数器
  29          
  30          char phoneNumber[] = "17719228082";             //替换成需要被拨打电话的号码
  31          char msg[] = "ILoveMCU.taobao.com";             //短信内容      
  32          
  33          //****************************************************
  34          //主函数
  35          //****************************************************
  36          void main()
  37          {
  38   1      
  39   1          Uart_Init();
  40   1      
  41   1              if (sendCommand("AT\r\n", "OK\r\n", 3000, 10) == Success);
  42   1              else errorLog();
  43   1              delay_ms(10);
  44   1      
  45   1              if (sendCommand("AT+CPIN?\r\n", "READY", 1000, 10) == Success);
  46   1              else errorLog();
  47   1              delay_ms(10);
  48   1      
  49   1              if (sendCommand("AT+CREG?\r\n", "CREG: 1", 1000, 10) == Success);
  50   1              else errorLog();
  51   1              delay_ms(10);
  52   1      
  53   1              if (sendCommand("AT+CMGF=1\r\n", "OK\r\n", 1000, 10) == Success);
  54   1              else errorLog();
  55   1              delay_ms(10);
C51 COMPILER V9.00   MAIN                                                                  05/24/2017 18:09:09 PAGE 2   

  56   1      
  57   1              if (sendCommand("AT+CSCS=\"GSM\"\r\n", "OK\r\n", 1000, 10) == Success);
  58   1              else errorLog();
  59   1              delay_ms(10);
  60   1      
  61   1              sendMessage(phoneNumber,msg);           //发送短信
  62   1      
  63   1      
  64   1              while(1)
  65   1              {       
  66   2      
  67   2              }
  68   1      }
  69          
  70          void sendMessage(char *number,char *msg)
  71          {
  72   1              xdata char send_buf[20] = {0};
  73   1              memset(send_buf, 0, 20);    //清空
  74   1              strcpy(send_buf, "AT+CMGS=\"");
  75   1              strcat(send_buf, number);
  76   1              strcat(send_buf, "\"\r\n");
  77   1              if (sendCommand(send_buf, ">", 3000, 10) == Success);
  78   1              else errorLog();
  79   1      
  80   1              SendString(msg);
  81   1      
  82   1              SendData(0x1A);
  83   1      }
  84          
  85          void phone(char *number)
  86          {
  87   1              char send_buf[20] = {0};
  88   1              memset(send_buf, 0, 20);    //清空
  89   1              strcpy(send_buf, "ATD");
  90   1              strcat(send_buf, number);
  91   1              strcat(send_buf, ";\r\n");
  92   1      
  93   1              if (sendCommand(send_buf, "SOUNDER", 10000, 10) == Success);
  94   1              else errorLog();
  95   1      }
  96          
  97          void errorLog()
  98          {
  99   1              while (1)
 100   1              {
 101   2                      if (sendCommand("AT\r\n", "OK", 100, 10) == Success)
 102   2                      {
 103   3                              soft_reset();
 104   3                      }
 105   2                      delay_ms(200);
 106   2              }
 107   1      }
 108          
 109          void soft_reset(void)    //制造重启命令
 110          {
 111   1         ((void (code *) (void)) 0x0000) ();
 112   1      }
 113          
 114          unsigned int sendCommand(char *Command, char *Response, unsigned long Timeout, unsigned char Retry)
 115          {
 116   1              unsigned char n;
 117   1              CLR_Buf();
C51 COMPILER V9.00   MAIN                                                                  05/24/2017 18:09:09 PAGE 3   

 118   1              for (n = 0; n < Retry; n++)
 119   1              {
 120   2                      SendString(Command);            //发送GPRS指令
 121   2      
 122   2                      Time_Cont = 0;
 123   2                      while (Time_Cont < Timeout)
 124   2                      {
 125   3                              delay_ms(100);
 126   3                              Time_Cont += 100;
 127   3                              if (strstr(Rec_Buf, Response) != NULL)
 128   3                              {
 129   4                                      
 130   4                                      CLR_Buf();
 131   4                                      return Success;
 132   4                              }
 133   3                              
 134   3                      }
 135   2                      Time_Cont = 0;
 136   2              }
 137   1              
 138   1              CLR_Buf();
 139   1              return Failure;
 140   1      }
 141          
 142          //****************************************************
 143          //MS延时函数(12M晶振下测试)
 144          //****************************************************
 145          void delay_ms(unsigned int n)
 146          {
 147   1              unsigned int  i,j;
 148   1                      for(i=0;i<n;i++)
 149   1                              for(j=0;j<123;j++);
 150   1      }


MODULE INFORMATION:   STATIC OVERLAYABLE
   CODE SIZE        =    734    ----
   CONSTANT SIZE    =    149    ----
   XDATA SIZE       =   ----      20
   PDATA SIZE       =   ----    ----
   DATA SIZE        =     36      41
   IDATA SIZE       =   ----    ----
   BIT SIZE         =   ----    ----
END OF MODULE INFORMATION.


C51 COMPILATION COMPLETE.  0 WARNING(S),  0 ERROR(S)
