C51 COMPILER V9.00   UART                                                                  12/22/2016 23:34:51 PAGE 1   


C51 COMPILER V9.00, COMPILATION OF MODULE UART
OBJECT MODULE PLACED IN uart.OBJ
COMPILER INVOKED BY: E:\2.DevelopSoft\Keil\C51\BIN\C51.EXE uart.c BROWSE DEBUG OBJECTEXTEND

line level    source

   1          /*********************************************************************
   2                           作者：神秘藏宝室
   3                           店铺：ILoveMCU.taobao.com
   4          
   5                  本例程仅适用于在本店购买模块的用户使用，鄙视其它店铺的盗用行为
   6                  版权所有，盗版必究！！！
   7                  A6模块链接：
   8                  A6 GSM/GPRS模块：       
   9                  https://item.taobao.com/item.htm?id=542988971078
  10                  A7 GSM/GPRS/GPS 三合一模块：
  11                  https://item.taobao.com/item.htm?id=542988971078
  12                  STC89C52最小系统：
  13                  https://item.taobao.com/item.htm?id=524713612727
  14                  STC12C5A60S2最小系统：
  15                  https://item.taobao.com/item.htm?id=524701473371
  16                  USB-TTL模块：
  17                  https://item.taobao.com/item.htm?id=39481188174
  18          *********************************************************************/
  19          #include "uart.h"
  20          
  21          
  22          #define Uart1_Buf_Max 100               //串口数据缓存长度
  23          u8 xdata  Rec_Buf[Uart1_Buf_Max];  //串口数据缓存
  24          u8 point1 = 0;             //绶存指针
  25          
  26          void Uart_Init()                                                                   
  27          {       
  28   1              SCON=0x50; //串口工作方式1，8位UART，波特率可变  
  29   1           TH2=0xFF;           
  30   1           TL2=0xFD;    //波特率:115200 晶振=11.0592MHz 
  31   1           RCAP2H=0xFF;   
  32   1           RCAP2L=0xFD; //16位自动再装入值
  33   1      
  34   1      
  35   1      
  36   1      /*****************/
  37   1           TCLK=1;   
  38   1           RCLK=1;   
  39   1           C_T2=0;   
  40   1           EXEN2=0; //波特率发生器工作方式
  41   1      
  42   1      
  43   1      
  44   1      /*****************/
  45   1          TR2=1 ; //定时器2开始
  46   1      
  47   1              EA   = 1;     //打开全局中断控制
  48   1              ES   = 1;     //串行口中断      
  49   1      }
  50          
  51          
  52          /*----------------------------
  53          发送串口数据
  54          ----------------------------*/
  55          void SendData(unsigned char ch)
C51 COMPILER V9.00   UART                                                                  12/22/2016 23:34:51 PAGE 2   

  56          {
  57   1          SBUF = ch;                 //写数据到UART数据寄存器
  58   1                      while(TI == 0);
  59   1                      TI = 0;
  60   1      }
  61          
  62          /*----------------------------
  63          发送字符串
  64          ----------------------------*/
  65          void SendString(char *s)
  66          {
  67   1          while (*s)                  //检测字符串结束标志
  68   1          {
  69   2              SendData(*s++);         //发送当前字符
  70   2          }
  71   1      }
  72          
  73          bit Hand(unsigned char *a)                   // 串口命令识别函数
  74          { 
  75   1          if(strstr(Rec_Buf,a)!=NULL)
  76   1                  return 1;
  77   1              else
  78   1                      return 0;
  79   1      }
  80          
  81          void CLR_Buf(void)                           // 串口缓存清理
  82          {
  83   1              memset(Rec_Buf, 0, Uart1_Buf_Max);      //清空
  84   1      
  85   1          point1 = 0;                    
  86   1      }
  87          
  88          void RECEIVE_DATA(void) interrupt 4 using 1         //串口中断                  
  89          {    
  90   1              ES = 0;
  91   1              if (RI)
  92   1          {
  93   2              RI = 0;                                //清除RI位
  94   2                      Rec_Buf[point1] = SBUF; 
  95   2      //              if (Rec_Buf[0] == 0xd9)
  96   2      //                      {
  97   2      //                              IAP_CONTR = 0x60;
  98   2      //                      }
  99   2                              
 100   2                      point1++;               
 101   2                      if(point1>=Uart1_Buf_Max)          
 102   2                      {
 103   3                              point1 = 0;
 104   3                      }           
 105   2      
 106   2          }
 107   1              ES =  1;
 108   1      
 109   1      }
 110          
 111          
 112          
 113          
 114          
 115          
 116          
 117          
C51 COMPILER V9.00   UART                                                                  12/22/2016 23:34:51 PAGE 3   

 118          
 119          
 120          


MODULE INFORMATION:   STATIC OVERLAYABLE
   CODE SIZE        =    176    ----
   CONSTANT SIZE    =   ----    ----
   XDATA SIZE       =    100    ----
   PDATA SIZE       =   ----    ----
   DATA SIZE        =      1       6
   IDATA SIZE       =   ----    ----
   BIT SIZE         =   ----    ----
END OF MODULE INFORMATION.


C51 COMPILATION COMPLETE.  0 WARNING(S),  0 ERROR(S)
